2021-04-09 23:09:04,569  INFO [main] TestBase:33 - cross btn is clicked
2021-04-09 23:09:04,833  INFO [main] TestBase:37 - category btn is clicked
2021-04-09 23:09:04,870  INFO [main] TestBase:43 - Page title matched::MyShopPrime
2021-04-09 23:09:48,605  INFO [main] TestBase:64 - Page Header Matched::[Women, Men, Baby & Kids, Home & Living]
2021-04-09 23:10:09,415  INFO [main] TestBase:84 - Page shp by categories Matched::[Wallets, Active Wear, Messenger & Duffle Bags, Kitchen Tools]
2021-04-09 23:10:15,859  INFO [main] TestBase:106 - Page women products is Matched::[Ethnic Wear, Western Wear, Jewellery, Watches & Wearables, Winter Wear]
2021-04-09 23:10:40,020  INFO [main] TestBase:129 - Page product wallet is Matched::[Essential Genuine Leather Solid Wallet, Trendy PU Black Chip ATM Wallet For Men, Trendy PU Card Holder Wallet]
2021-04-09 23:10:48,805  INFO [main] TestBase:151 - Page products in messenger and duffles is Matched::[ADK Red color Sling-Messenger Bag-AD-BAG-001, ADK Black color Silb-Messenge Bag-AD-BAG-002, ADK Tan color Silng-Messenge Bag-AD-BAG-003, ADK Dark Blue color Silng-Messenge Bag-]
2021-04-09 23:10:54,248  INFO [main] TestBase:166 - [Stainless Steel Oil Dropper, 1 Liter, Silver]
2021-04-09 23:10:54,248  INFO [main] TestBase:167 - [Stainless Steel Oil Dropper, 1 Liter, Silver]
2021-04-09 23:10:57,465  INFO [main] TestBase:171 - Page kitchentool is Matched::[Stainless Steel Oil Dropper, 1 Liter, Silver]2021-04-10 11:32:16,745  INFO [main] TestBase:33 - cross btn is clicked
2021-04-10 11:32:16,899  INFO [main] TestBase:37 - category btn is clicked
2021-04-10 11:32:16,915  INFO [main] TestBase:43 - Page title matched::MyShopPrime
2021-04-10 11:32:59,046  INFO [main] TestBase:64 - Page Header Matched::[Women, Men, Baby & Kids, Home & Living]
2021-04-10 11:33:19,968  INFO [main] TestBase:84 - Page shp by categories Matched::[Wallets, Active Wear, Messenger & Duffle Bags, Kitchen Tools]
2021-04-10 11:33:26,215  INFO [main] TestBase:106 - Page women products is Matched::[Ethnic Wear, Western Wear, Jewellery, Watches & Wearables, Winter Wear]
2021-04-10 11:33:50,368  INFO [main] TestBase:129 - Page product wallet is Matched::[Essential Genuine Leather Solid Wallet, Trendy PU Black Chip ATM Wallet For Men, Trendy PU Card Holder Wallet]
2021-04-10 11:33:59,277  INFO [main] TestBase:151 - Page products in messenger and duffles is Matched::[ADK Red color Sling-Messenger Bag-AD-BAG-001, ADK Black color Silb-Messenge Bag-AD-BAG-002, ADK Tan color Silng-Messenge Bag-AD-BAG-003, ADK Dark Blue color Silng-Messenge Bag-]
2021-04-10 11:34:04,681  INFO [main] TestBase:166 - [Stainless Steel Oil Dropper, 1 Liter, Silver]
2021-04-10 11:34:04,681  INFO [main] TestBase:167 - [Stainless Steel Oil Dropper, 1 Liter, Silver]
2021-04-10 11:34:07,834  INFO [main] TestBase:171 - Page kitchentool is Matched::[Stainless Steel Oil Dropper, 1 Liter, Silver]
2021-04-10 11:36:14,243  INFO [main] TestBase:214 - Address saved successfully
2021-04-10 11:36:19,648  INFO [main] TestBase:219 - Men Blue Slip-On Canvas Casual Shoes
2021-04-10 11:36:19,648  INFO [main] TestBase:220 - MyShopPrime
2021-04-10 11:36:43,529 DEBUG [main] cache:45 - Couldn't find template in cache for "Extent.ftl"("en_IN", UTF-8, parsed); will try to load it.
2021-04-10 11:36:43,529 DEBUG [main] cache:45 - TemplateLoader.findTemplateSource("Extent_en_IN.ftl"): Not found
2021-04-10 11:36:43,529 DEBUG [main] cache:45 - TemplateLoader.findTemplateSource("Extent_en.ftl"): Not found
2021-04-10 11:36:43,529 DEBUG [main] cache:45 - TemplateLoader.findTemplateSource("Extent.ftl"): Found
2021-04-10 11:36:43,529 DEBUG [main] cache:45 - Loading template for "Extent.ftl"("en_IN", UTF-8, parsed) from "jar:file:/C:/Users/Akshay/.m2/repository/com/relevantcodes/extentreports/2.41.2/extentreports-2.41.2.jar!/com/relevantcodes/extentreports/view/Extent.ftl"
2021-04-10 11:36:43,967 DEBUG [main] cache:45 - Couldn't find template in cache for "Extent.ftl"("en_IN", UTF-8, parsed); will try to load it.
2021-04-10 11:36:43,967 DEBUG [main] cache:45 - TemplateLoader.findTemplateSource("Extent_en_IN.ftl"): Not found
2021-04-10 11:36:43,970 DEBUG [main] cache:45 - TemplateLoader.findTemplateSource("Extent_en.ftl"): Not found
2021-04-10 11:36:43,970 DEBUG [main] cache:45 - TemplateLoader.findTemplateSource("Extent.ftl"): Found
2021-04-10 11:36:43,970 DEBUG [main] cache:45 - Loading template for "Extent.ftl"("en_IN", UTF-8, parsed) from "jar:file:/C:/Users/Akshay/.m2/repository/com/relevantcodes/extentreports/2.41.2/extentreports-2.41.2.jar!/com/relevantcodes/extentreports/view/Extent.ftl"
2021-04-10 12:51:10,090 DEBUG [main] cache:45 - Couldn't find template in cache for "Extent.ftl"("en_IN", UTF-8, parsed); will try to load it.
2021-04-10 12:51:10,121 DEBUG [main] cache:45 - TemplateLoader.findTemplateSource("Extent_en_IN.ftl"): Not found
2021-04-10 12:51:10,121 DEBUG [main] cache:45 - TemplateLoader.findTemplateSource("Extent_en.ftl"): Not found
2021-04-10 12:51:10,121 DEBUG [main] cache:45 - TemplateLoader.findTemplateSource("Extent.ftl"): Found
2021-04-10 12:51:10,137 DEBUG [main] cache:45 - Loading template for "Extent.ftl"("en_IN", UTF-8, parsed) from "jar:file:/C:/Users/Akshay/.m2/repository/com/relevantcodes/extentreports/2.41.2/extentreports-2.41.2.jar!/com/relevantcodes/extentreports/view/Extent.ftl"
2021-04-10 12:51:10,871 DEBUG [main] cache:45 - Couldn't find template in cache for "Extent.ftl"("en_IN", UTF-8, parsed); will try to load it.
2021-04-10 12:51:10,871 DEBUG [main] cache:45 - TemplateLoader.findTemplateSource("Extent_en_IN.ftl"): Not found
2021-04-10 12:51:10,884 DEBUG [main] cache:45 - TemplateLoader.findTemplateSource("Extent_en.ftl"): Not found
2021-04-10 12:51:10,885 DEBUG [main] cache:45 - TemplateLoader.findTemplateSource("Extent.ftl"): Found
2021-04-10 12:51:10,885 DEBUG [main] cache:45 - Loading template for "Extent.ftl"("en_IN", UTF-8, parsed) from "jar:file:/C:/Users/Akshay/.m2/repository/com/relevantcodes/extentreports/2.41.2/extentreports-2.41.2.jar!/com/relevantcodes/extentreports/view/Extent.ftl"
2021-04-10 12:54:22,148 DEBUG [main] cache:45 - Couldn't find template in cache for "Extent.ftl"("en_IN", UTF-8, parsed); will try to load it.
2021-04-10 12:54:22,267 DEBUG [main] cache:45 - TemplateLoader.findTemplateSource("Extent_en_IN.ftl"): Not found
2021-04-10 12:54:22,267 DEBUG [main] cache:45 - TemplateLoader.findTemplateSource("Extent_en.ftl"): Not found
2021-04-10 12:54:22,267 DEBUG [main] cache:45 - TemplateLoader.findTemplateSource("Extent.ftl"): Found
2021-04-10 12:54:22,267 DEBUG [main] cache:45 - Loading template for "Extent.ftl"("en_IN", UTF-8, parsed) from "jar:file:/C:/Users/Akshay/.m2/repository/com/relevantcodes/extentreports/2.41.2/extentreports-2.41.2.jar!/com/relevantcodes/extentreports/view/Extent.ftl"
2021-04-10 12:54:22,888 DEBUG [main] cache:45 - Couldn't find template in cache for "Extent.ftl"("en_IN", UTF-8, parsed); will try to load it.
2021-04-10 12:54:22,888 DEBUG [main] cache:45 - TemplateLoader.findTemplateSource("Extent_en_IN.ftl"): Not found
2021-04-10 12:54:22,895 DEBUG [main] cache:45 - TemplateLoader.findTemplateSource("Extent_en.ftl"): Not found
2021-04-10 12:54:22,895 DEBUG [main] cache:45 - TemplateLoader.findTemplateSource("Extent.ftl"): Found
2021-04-10 12:54:22,896 DEBUG [main] cache:45 - Loading template for "Extent.ftl"("en_IN", UTF-8, parsed) from "jar:file:/C:/Users/Akshay/.m2/repository/com/relevantcodes/extentreports/2.41.2/extentreports-2.41.2.jar!/com/relevantcodes/extentreports/view/Extent.ftl"
2021-04-10 12:55:54,023 DEBUG [main] cache:45 - Couldn't find template in cache for "Extent.ftl"("en_IN", UTF-8, parsed); will try to load it.
2021-04-10 12:55:54,063 DEBUG [main] cache:45 - TemplateLoader.findTemplateSource("Extent_en_IN.ftl"): Not found
2021-04-10 12:55:54,071 DEBUG [main] cache:45 - TemplateLoader.findTemplateSource("Extent_en.ftl"): Not found
2021-04-10 12:55:54,071 DEBUG [main] cache:45 - TemplateLoader.findTemplateSource("Extent.ftl"): Found
2021-04-10 12:55:54,071 DEBUG [main] cache:45 - Loading template for "Extent.ftl"("en_IN", UTF-8, parsed) from "jar:file:/C:/Users/Akshay/.m2/repository/com/relevantcodes/extentreports/2.41.2/extentreports-2.41.2.jar!/com/relevantcodes/extentreports/view/Extent.ftl"
2021-04-10 12:55:55,918 DEBUG [main] cache:45 - Couldn't find template in cache for "Extent.ftl"("en_IN", UTF-8, parsed); will try to load it.
2021-04-10 12:55:55,922 DEBUG [main] cache:45 - TemplateLoader.findTemplateSource("Extent_en_IN.ftl"): Not found
2021-04-10 12:55:55,922 DEBUG [main] cache:45 - TemplateLoader.findTemplateSource("Extent_en.ftl"): Not found
2021-04-10 12:55:55,923 DEBUG [main] cache:45 - TemplateLoader.findTemplateSource("Extent.ftl"): Found
2021-04-10 12:55:55,924 DEBUG [main] cache:45 - Loading template for "Extent.ftl"("en_IN", UTF-8, parsed) from "jar:file:/C:/Users/Akshay/.m2/repository/com/relevantcodes/extentreports/2.41.2/extentreports-2.41.2.jar!/com/relevantcodes/extentreports/view/Extent.ftl"
2021-04-10 12:57:37,190  INFO [main] TestBase:33 - cross btn is clicked
2021-04-10 12:57:37,579  INFO [main] TestBase:37 - category btn is clicked
2021-04-10 12:57:37,595  INFO [main] TestBase:43 - Page title matched::MyShopPrime
2021-04-10 12:58:24,001  INFO [main] TestBase:64 - Page Header Matched::[Women, Men, Baby & Kids, Home & Living]
2021-04-10 12:58:44,726  INFO [main] TestBase:84 - Page shp by categories Matched::[Wallets, Active Wear, Messenger & Duffle Bags, Kitchen Tools]
2021-04-10 12:58:50,791  INFO [main] TestBase:106 - Page women products is Matched::[Ethnic Wear, Western Wear, Jewellery, Watches & Wearables, Winter Wear]
2021-04-10 12:59:14,942  INFO [main] TestBase:129 - Page product wallet is Matched::[Essential Genuine Leather Solid Wallet, Trendy PU Black Chip ATM Wallet For Men, Trendy PU Card Holder Wallet]
2021-04-10 12:59:23,796  INFO [main] TestBase:151 - Page products in messenger and duffles is Matched::[ADK Red color Sling-Messenger Bag-AD-BAG-001, ADK Black color Silb-Messenge Bag-AD-BAG-002, ADK Tan color Silng-Messenge Bag-AD-BAG-003, ADK Dark Blue color Silng-Messenge Bag-]
2021-04-10 12:59:29,132  INFO [main] TestBase:166 - [Stainless Steel Oil Dropper, 1 Liter, Silver]
2021-04-10 12:59:29,132  INFO [main] TestBase:167 - [Stainless Steel Oil Dropper, 1 Liter, Silver]
2021-04-10 12:59:32,310  INFO [main] TestBase:171 - Page kitchentool is Matched::[Stainless Steel Oil Dropper, 1 Liter, Silver]
2021-04-10 13:01:38,723  INFO [main] TestBase:214 - Address saved successfully
2021-04-10 13:01:45,771  INFO [main] TestBase:219 - MyShopPrime
2021-04-10 13:01:45,771  INFO [main] TestBase:220 - MyShopPrime
2021-04-10 13:01:45,771  INFO [main] TestBase:222 - Page Header Matched::MyShopPrime
2021-04-10 13:02:09,114 DEBUG [main] cache:45 - Couldn't find template in cache for "Extent.ftl"("en_IN", UTF-8, parsed); will try to load it.
2021-04-10 13:02:09,114 DEBUG [main] cache:45 - TemplateLoader.findTemplateSource("Extent_en_IN.ftl"): Not found
2021-04-10 13:02:09,130 DEBUG [main] cache:45 - TemplateLoader.findTemplateSource("Extent_en.ftl"): Not found
2021-04-10 13:02:09,130 DEBUG [main] cache:45 - TemplateLoader.findTemplateSource("Extent.ftl"): Found
2021-04-10 13:02:09,130 DEBUG [main] cache:45 - Loading template for "Extent.ftl"("en_IN", UTF-8, parsed) from "jar:file:/C:/Users/Akshay/.m2/repository/com/relevantcodes/extentreports/2.41.2/extentreports-2.41.2.jar!/com/relevantcodes/extentreports/view/Extent.ftl"
2021-04-10 13:02:09,786 DEBUG [main] cache:45 - Couldn't find template in cache for "Extent.ftl"("en_IN", UTF-8, parsed); will try to load it.
2021-04-10 13:02:09,786 DEBUG [main] cache:45 - TemplateLoader.findTemplateSource("Extent_en_IN.ftl"): Not found
2021-04-10 13:02:09,789 DEBUG [main] cache:45 - TemplateLoader.findTemplateSource("Extent_en.ftl"): Not found
2021-04-10 13:02:09,789 DEBUG [main] cache:45 - TemplateLoader.findTemplateSource("Extent.ftl"): Found
2021-04-10 13:02:09,789 DEBUG [main] cache:45 - Loading template for "Extent.ftl"("en_IN", UTF-8, parsed) from "jar:file:/C:/Users/Akshay/.m2/repository/com/relevantcodes/extentreports/2.41.2/extentreports-2.41.2.jar!/com/relevantcodes/extentreports/view/Extent.ftl"
2021-04-10 14:00:27,883  INFO [main] TestBase:33 - cross btn is clicked
2021-04-10 14:00:28,066  INFO [main] TestBase:37 - category btn is clicked
2021-04-10 14:00:28,083  INFO [main] TestBase:43 - Page title matched::MyShopPrime
2021-04-10 14:06:30,027  INFO [main] TestBase:33 - cross btn is clicked
2021-04-10 14:06:30,158  INFO [main] TestBase:37 - category btn is clicked
2021-04-10 14:06:30,171  INFO [main] TestBase:43 - Page title matched::MyShopPrime
2021-04-10 14:07:13,833  INFO [main] TestBase:64 - Page Header Matched::[Women, Men, Baby & Kids, Home & Living]
2021-04-10 14:07:34,545  INFO [main] TestBase:84 - Page shp by categories Matched::[Wallets, Active Wear, Messenger & Duffle Bags, Kitchen Tools]
2021-04-10 14:07:40,409  INFO [main] TestBase:106 - Page women products is Matched::[Ethnic Wear, Western Wear, Jewellery, Watches & Wearables, Winter Wear]
2021-04-10 14:08:04,352  INFO [main] TestBase:129 - Page product wallet is Matched::[Essential Genuine Leather Solid Wallet, Trendy PU Black Chip ATM Wallet For Men, Trendy PU Card Holder Wallet]
2021-04-10 14:08:12,909  INFO [main] TestBase:151 - Page products in messenger and duffles is Matched::[ADK Red color Sling-Messenger Bag-AD-BAG-001, ADK Black color Silb-Messenge Bag-AD-BAG-002, ADK Tan color Silng-Messenge Bag-AD-BAG-003, ADK Dark Blue color Silng-Messenge Bag-]
2021-04-10 14:08:18,224  INFO [main] TestBase:166 - [Stainless Steel Oil Dropper, 1 Liter, Silver]
2021-04-10 14:08:18,224  INFO [main] TestBase:167 - [Stainless Steel Oil Dropper, 1 Liter, Silver]
2021-04-10 14:08:21,405  INFO [main] TestBase:171 - Page kitchentool is Matched::[Stainless Steel Oil Dropper, 1 Liter, Silver]
2021-04-10 14:10:26,270  INFO [main] TestBase:214 - Address saved successfully
2021-04-10 14:10:32,583  INFO [main] TestBase:219 - MyShopPrime
2021-04-10 14:10:32,584  INFO [main] TestBase:220 - MyShopPrime
2021-04-10 14:10:32,585  INFO [main] TestBase:222 - Page Header Matched::MyShopPrime
2021-04-10 14:11:17,369 DEBUG [main] cache:45 - Couldn't find template in cache for "Extent.ftl"("en_IN", UTF-8, parsed); will try to load it.
2021-04-10 14:11:17,372 DEBUG [main] cache:45 - TemplateLoader.findTemplateSource("Extent_en_IN.ftl"): Not found
2021-04-10 14:11:17,374 DEBUG [main] cache:45 - TemplateLoader.findTemplateSource("Extent_en.ftl"): Not found
2021-04-10 14:11:17,376 DEBUG [main] cache:45 - TemplateLoader.findTemplateSource("Extent.ftl"): Found
2021-04-10 14:11:17,376 DEBUG [main] cache:45 - Loading template for "Extent.ftl"("en_IN", UTF-8, parsed) from "jar:file:/C:/Users/Akshay/.m2/repository/com/relevantcodes/extentreports/2.41.2/extentreports-2.41.2.jar!/com/relevantcodes/extentreports/view/Extent.ftl"
2021-04-10 14:11:17,879 DEBUG [main] cache:45 - Couldn't find template in cache for "Extent.ftl"("en_IN", UTF-8, parsed); will try to load it.
2021-04-10 14:11:17,879 DEBUG [main] cache:45 - TemplateLoader.findTemplateSource("Extent_en_IN.ftl"): Not found
2021-04-10 14:11:17,879 DEBUG [main] cache:45 - TemplateLoader.findTemplateSource("Extent_en.ftl"): Not found
2021-04-10 14:11:17,894 DEBUG [main] cache:45 - TemplateLoader.findTemplateSource("Extent.ftl"): Found
2021-04-10 14:11:17,894 DEBUG [main] cache:45 - Loading template for "Extent.ftl"("en_IN", UTF-8, parsed) from "jar:file:/C:/Users/Akshay/.m2/repository/com/relevantcodes/extentreports/2.41.2/extentreports-2.41.2.jar!/com/relevantcodes/extentreports/view/Extent.ftl"
2021-04-12 19:21:21,028  INFO [main] TestBase:33 - cross btn is clicked
2021-04-12 19:21:21,259  INFO [main] TestBase:37 - category btn is clicked
2021-04-12 19:21:21,280  INFO [main] TestBase:43 - Page title matched::MyShopPrime
2021-04-12 19:22:02,363  INFO [main] TestBase:64 - Page Header Matched::[Women, Men, Baby & Kids, Home & Living]
2021-04-12 19:22:23,400  INFO [main] TestBase:84 - Page shp by categories Matched::[Wallets, Active Wear, Messenger & Duffle Bags, Kitchen Tools]
2021-04-12 19:22:29,889  INFO [main] TestBase:106 - Page women products is Matched::[Ethnic Wear, Western Wear, Jewellery, Watches & Wearables, Winter Wear]
2021-04-12 19:22:54,189  INFO [main] TestBase:129 - Page product wallet is Matched::[Essential Genuine Leather Solid Wallet, Trendy PU Black Chip ATM Wallet For Men, Trendy PU Card Holder Wallet]
2021-04-12 19:23:02,965  INFO [main] TestBase:151 - Page products in messenger and duffles is Matched::[ADK Red color Sling-Messenger Bag-AD-BAG-001, ADK Black color Silb-Messenge Bag-AD-BAG-002, ADK Tan color Silng-Messenge Bag-AD-BAG-003, ADK Dark Blue color Silng-Messenge Bag-]
2021-04-12 19:23:08,481  INFO [main] TestBase:166 - [Stainless Steel Oil Dropper, 1 Liter, Silver]
2021-04-12 19:23:08,482  INFO [main] TestBase:167 - [Stainless Steel Oil Dropper, 1 Liter, Silver]
2021-04-12 19:23:11,634  INFO [main] TestBase:171 - Page kitchentool is Matched::[Stainless Steel Oil Dropper, 1 Liter, Silver]
2021-04-12 19:25:23,851  INFO [main] TestBase:214 - Address saved successfully
2021-04-12 19:25:29,871  INFO [main] TestBase:219 - MyShopPrime
2021-04-12 19:25:29,871  INFO [main] TestBase:220 - MyShopPrime
2021-04-12 19:25:29,872  INFO [main] TestBase:222 - Page Header Matched::MyShopPrime
2021-04-18 18:25:54,256 DEBUG [main] cache:45 - Couldn't find template in cache for "Extent.ftl"("en_IN", UTF-8, parsed); will try to load it.
2021-04-18 18:25:54,287 DEBUG [main] cache:45 - TemplateLoader.findTemplateSource("Extent_en_IN.ftl"): Not found
2021-04-18 18:25:54,287 DEBUG [main] cache:45 - TemplateLoader.findTemplateSource("Extent_en.ftl"): Not found
2021-04-18 18:25:54,287 DEBUG [main] cache:45 - TemplateLoader.findTemplateSource("Extent.ftl"): Found
2021-04-18 18:25:54,287 DEBUG [main] cache:45 - Loading template for "Extent.ftl"("en_IN", UTF-8, parsed) from "jar:file:/C:/Users/Akshay/.m2/repository/com/relevantcodes/extentreports/2.41.2/extentreports-2.41.2.jar!/com/relevantcodes/extentreports/view/Extent.ftl"
2021-04-18 18:25:54,662 DEBUG [main] cache:45 - Couldn't find template in cache for "Extent.ftl"("en_IN", UTF-8, parsed); will try to load it.
2021-04-18 18:25:54,662 DEBUG [main] cache:45 - TemplateLoader.findTemplateSource("Extent_en_IN.ftl"): Not found
2021-04-18 18:25:54,662 DEBUG [main] cache:45 - TemplateLoader.findTemplateSource("Extent_en.ftl"): Not found
2021-04-18 18:25:54,662 DEBUG [main] cache:45 - TemplateLoader.findTemplateSource("Extent.ftl"): Found
2021-04-18 18:25:54,662 DEBUG [main] cache:45 - Loading template for "Extent.ftl"("en_IN", UTF-8, parsed) from "jar:file:/C:/Users/Akshay/.m2/repository/com/relevantcodes/extentreports/2.41.2/extentreports-2.41.2.jar!/com/relevantcodes/extentreports/view/Extent.ftl"
2021-04-18 19:21:59,776 DEBUG [main] cache:45 - Couldn't find template in cache for "Extent.ftl"("en_IN", UTF-8, parsed); will try to load it.
2021-04-18 19:21:59,790 DEBUG [main] cache:45 - TemplateLoader.findTemplateSource("Extent_en_IN.ftl"): Not found
2021-04-18 19:21:59,790 DEBUG [main] cache:45 - TemplateLoader.findTemplateSource("Extent_en.ftl"): Not found
2021-04-18 19:21:59,790 DEBUG [main] cache:45 - TemplateLoader.findTemplateSource("Extent.ftl"): Found
2021-04-18 19:21:59,790 DEBUG [main] cache:45 - Loading template for "Extent.ftl"("en_IN", UTF-8, parsed) from "jar:file:/C:/Users/Akshay/.m2/repository/com/relevantcodes/extentreports/2.41.2/extentreports-2.41.2.jar!/com/relevantcodes/extentreports/view/Extent.ftl"
2021-04-18 19:22:00,244 DEBUG [main] cache:45 - Couldn't find template in cache for "Extent.ftl"("en_IN", UTF-8, parsed); will try to load it.
2021-04-18 19:22:00,245 DEBUG [main] cache:45 - TemplateLoader.findTemplateSource("Extent_en_IN.ftl"): Not found
2021-04-18 19:22:00,246 DEBUG [main] cache:45 - TemplateLoader.findTemplateSource("Extent_en.ftl"): Not found
2021-04-18 19:22:00,247 DEBUG [main] cache:45 - TemplateLoader.findTemplateSource("Extent.ftl"): Found
2021-04-18 19:22:00,247 DEBUG [main] cache:45 - Loading template for "Extent.ftl"("en_IN", UTF-8, parsed) from "jar:file:/C:/Users/Akshay/.m2/repository/com/relevantcodes/extentreports/2.41.2/extentreports-2.41.2.jar!/com/relevantcodes/extentreports/view/Extent.ftl"
2021-04-18 19:26:04,882 DEBUG [main] cache:45 - Couldn't find template in cache for "Extent.ftl"("en_IN", UTF-8, parsed); will try to load it.
2021-04-18 19:26:04,882 DEBUG [main] cache:45 - TemplateLoader.findTemplateSource("Extent_en_IN.ftl"): Not found
2021-04-18 19:26:04,882 DEBUG [main] cache:45 - TemplateLoader.findTemplateSource("Extent_en.ftl"): Not found
2021-04-18 19:26:04,882 DEBUG [main] cache:45 - TemplateLoader.findTemplateSource("Extent.ftl"): Found
2021-04-18 19:26:04,882 DEBUG [main] cache:45 - Loading template for "Extent.ftl"("en_IN", UTF-8, parsed) from "jar:file:/C:/Users/Akshay/.m2/repository/com/relevantcodes/extentreports/2.41.2/extentreports-2.41.2.jar!/com/relevantcodes/extentreports/view/Extent.ftl"
2021-04-18 19:26:05,227 DEBUG [main] cache:45 - Couldn't find template in cache for "Extent.ftl"("en_IN", UTF-8, parsed); will try to load it.
2021-04-18 19:26:05,227 DEBUG [main] cache:45 - TemplateLoader.findTemplateSource("Extent_en_IN.ftl"): Not found
2021-04-18 19:26:05,228 DEBUG [main] cache:45 - TemplateLoader.findTemplateSource("Extent_en.ftl"): Not found
2021-04-18 19:26:05,228 DEBUG [main] cache:45 - TemplateLoader.findTemplateSource("Extent.ftl"): Found
2021-04-18 19:26:05,229 DEBUG [main] cache:45 - Loading template for "Extent.ftl"("en_IN", UTF-8, parsed) from "jar:file:/C:/Users/Akshay/.m2/repository/com/relevantcodes/extentreports/2.41.2/extentreports-2.41.2.jar!/com/relevantcodes/extentreports/view/Extent.ftl"
2021-04-18 19:32:18,921  INFO [main] TestBase:33 - cross btn is clicked
2021-04-18 19:32:19,129  INFO [main] TestBase:37 - category btn is clicked
2021-04-18 19:32:19,145  INFO [main] TestBase:43 - Page title matched::MyShopPrime
2021-04-18 19:33:02,348  INFO [main] TestBase:64 - Page Header Matched::[Women, Men, Baby & Kids, Home & Living]
2021-04-18 19:33:50,102  INFO [main] TestBase:106 - Page women products is Matched::[Ethnic Wear, Western Wear, Jewellery, Watches & Wearables, Winter Wear]
2021-04-18 19:34:14,380  INFO [main] TestBase:129 - Page product wallet is Matched::[Essential Genuine Leather Solid Wallet, Trendy PU Black Chip ATM Wallet For Men, Trendy PU Card Holder Wallet]
2021-04-18 19:34:23,185  INFO [main] TestBase:151 - Page products in messenger and duffles is Matched::[ADK Red color Sling-Messenger Bag-AD-BAG-001, ADK Black color Silb-Messenge Bag-AD-BAG-002, ADK Tan color Silng-Messenge Bag-AD-BAG-003, ADK Dark Blue color Silng-Messenge Bag-]
2021-04-18 19:36:50,541  INFO [main] TestBase:214 - Address saved successfully
2021-04-18 19:36:58,094  INFO [main] TestBase:219 - MyShopPrime
2021-04-18 19:36:58,094  INFO [main] TestBase:220 - MyShopPrime
2021-04-18 19:36:58,094  INFO [main] TestBase:222 - Page Header Matched::MyShopPrime
2021-04-18 19:37:19,526  INFO [main] TestBase:243 - [Saree Color : Light Blue, Saree Fabric: Georgette, Saree Length : 5.3 mtr, Saree Work : Printed, Blouse Color : Blue, Blouse Fabric : Georgette, Blouse Length : 0.7 mtr, Blouse Work : Printed, Weight Kgs : 0.4, Occasion : Casual,party,wedding]
2021-04-18 19:37:19,526  INFO [main] TestBase:244 - [Saree Color : Light Blue, Saree Fabric: Georgette, Saree Length : 5.3 mtr, Saree Work : Printed, Blouse Color : Blue, Blouse Fabric : Georgette, Blouse Length : 0.7 mtr, Blouse Work : Printed, Weight Kgs : 0.4, Occasion : Casual,party,wedding]
2021-04-18 19:37:25,909  INFO [main] TestBase:251 - Page Header Matched::[Saree Color : Light Blue, Saree Fabric: Georgette, Saree Length : 5.3 mtr, Saree Work : Printed, Blouse Color : Blue, Blouse Fabric : Georgette, Blouse Length : 0.7 mtr, Blouse Work : Printed, Weight Kgs : 0.4, Occasion : Casual,party,wedding]
2021-04-18 19:37:32,587 DEBUG [main] cache:45 - Couldn't find template in cache for "Extent.ftl"("en_IN", UTF-8, parsed); will try to load it.
2021-04-18 19:37:32,587 DEBUG [main] cache:45 - TemplateLoader.findTemplateSource("Extent_en_IN.ftl"): Not found
2021-04-18 19:37:32,595 DEBUG [main] cache:45 - TemplateLoader.findTemplateSource("Extent_en.ftl"): Not found
2021-04-18 19:37:32,595 DEBUG [main] cache:45 - TemplateLoader.findTemplateSource("Extent.ftl"): Found
2021-04-18 19:37:32,595 DEBUG [main] cache:45 - Loading template for "Extent.ftl"("en_IN", UTF-8, parsed) from "jar:file:/C:/Users/Akshay/.m2/repository/com/relevantcodes/extentreports/2.41.2/extentreports-2.41.2.jar!/com/relevantcodes/extentreports/view/Extent.ftl"
2021-04-18 19:37:33,126 DEBUG [main] cache:45 - Couldn't find template in cache for "Extent.ftl"("en_IN", UTF-8, parsed); will try to load it.
2021-04-18 19:37:33,126 DEBUG [main] cache:45 - TemplateLoader.findTemplateSource("Extent_en_IN.ftl"): Not found
2021-04-18 19:37:33,126 DEBUG [main] cache:45 - TemplateLoader.findTemplateSource("Extent_en.ftl"): Not found
2021-04-18 19:37:33,126 DEBUG [main] cache:45 - TemplateLoader.findTemplateSource("Extent.ftl"): Found
2021-04-18 19:37:33,126 DEBUG [main] cache:45 - Loading template for "Extent.ftl"("en_IN", UTF-8, parsed) from "jar:file:/C:/Users/Akshay/.m2/repository/com/relevantcodes/extentreports/2.41.2/extentreports-2.41.2.jar!/com/relevantcodes/extentreports/view/Extent.ftl"
2021-04-18 23:45:13,743  INFO [main] TestBase:33 - cross btn is clicked
2021-04-18 23:45:13,939  INFO [main] TestBase:37 - category btn is clicked
2021-04-18 23:45:13,960  INFO [main] TestBase:43 - Page title matched::MyShopPrime
